Traceback (most recent call last):
  File "/home/dieaigar/Work/BOAND/planner/planner.py", line 527, in boand_star
    new_policy = extend_policy(current_policy, state, nondet_action, nondet_to_det_action[nondet_action], nondet_action_to_successors[nondet_action], task)
  File "/home/dieaigar/Work/BOAND/planner/planner.py", line 274, in extend_policy
    update_g_values(new_policy,state,successors, task)
  File "/home/dieaigar/Work/BOAND/planner/planner.py", line 198, in update_g_values
    policy.best_ancestors[reached_state] = state
MemoryError

During handling of the above exception, another exception occurred:

MemoryError

During handling of the above exception, another exception occurred:

MemoryError
real 600.00
user 0.00
sys 0.00
